[2022-04-26 10:45:54,177] INFO  User has successfully navigated to hudl.com
[2022-04-26 10:45:54,586] INFO  Login button has been clicked
[2022-04-26 10:45:56,689] INFO  User has navigated to the login screen
[2022-04-26 10:45:58,800] INFO  Email: 'devinspencerjames@gmail.com' has been entered
[2022-04-26 10:45:59,822] INFO  Password has been encoded
[2022-04-26 10:45:59,934] INFO  Encoded Password: '[B@14f232c4' has been entered
[2022-04-26 10:46:01,025] INFO  Login button has been clicked
[2022-04-26 10:46:04,340] INFO  User has navigated to the home screen
[2022-04-26 10:46:07,150] INFO  driver quit
[2022-04-26 10:56:43,514] INFO  User has successfully navigated to hudl.com
[2022-04-26 10:56:43,954] INFO  Login button has been clicked
[2022-04-26 10:56:46,055] INFO  User has navigated to the login screen
[2022-04-26 10:56:48,154] INFO  Email: 'devinspencerjames@gmail.com' has been entered
[2022-04-26 10:56:49,169] INFO  Password has been encoded
[2022-04-26 10:56:49,273] INFO  Encoded Password: '[B@2bec854f' has been entered
[2022-04-26 10:56:50,358] INFO  Login button has been clicked
[2022-04-26 10:57:27,715] INFO  User has successfully navigated to hudl.com
[2022-04-26 10:57:28,139] INFO  Login button has been clicked
[2022-04-26 10:57:30,220] INFO  User has navigated to the login screen
[2022-04-26 10:57:32,325] INFO  Email: 'devinspencerjames@gmail.com' has been entered
[2022-04-26 10:57:33,337] INFO  Password has been encoded
[2022-04-26 10:57:33,421] INFO  Encoded Password: '[B@2bec854f' has been entered
[2022-04-26 10:57:34,545] INFO  Login button has been clicked
[2022-04-26 10:57:39,984] INFO  User has navigated to the home screen
[2022-04-26 10:57:42,836] INFO  driver quit
[2022-04-26 11:02:06,356] INFO  User has successfully navigated to hudl.com
[2022-04-26 11:02:06,732] INFO  Login button has been clicked
[2022-04-26 11:02:08,836] INFO  User has navigated to the login screen
[2022-04-26 11:02:10,979] INFO  Email: 'devinspencerjames@gmail.com' has been entered
[2022-04-26 11:02:11,985] INFO  Password has been encoded
[2022-04-26 11:02:12,074] INFO  Encoded Password: '[B@7ba8c737' has been entered
[2022-04-26 11:02:13,171] INFO  Login button has been clicked
[2022-04-26 11:02:16,136] INFO  User has navigated to the home screen
[2022-04-26 11:02:25,114] INFO  driver quit
[2022-04-26 11:03:42,294] INFO  User has successfully navigated to hudl.com
[2022-04-26 11:03:42,671] INFO  Login button has been clicked
[2022-04-26 11:03:44,761] INFO  User has navigated to the login screen
[2022-04-26 11:03:46,874] INFO  Email: 'devinspencerjames@gmail.com' has been entered
[2022-04-26 11:03:47,886] INFO  Password has been encoded
[2022-04-26 11:03:47,981] INFO  Encoded Password: '[B@cd1e646' has been entered
[2022-04-26 11:03:49,054] INFO  Login button has been clicked
[2022-04-26 11:03:52,216] INFO  User has navigated to the home screen
[2022-04-26 11:06:38,784] INFO  User has successfully navigated to hudl.com
[2022-04-26 11:06:39,210] INFO  Login button has been clicked
[2022-04-26 11:06:41,297] INFO  User has navigated to the login screen
[2022-04-26 11:06:43,404] INFO  Email: 'devinspencerjames@gmail.com' has been entered
[2022-04-26 11:06:44,413] INFO  Password has been encoded
[2022-04-26 11:06:44,495] INFO  Encoded Password: '[B@cd1e646' has been entered
[2022-04-26 11:06:45,567] INFO  Login button has been clicked
[2022-04-26 11:06:48,938] INFO  User has navigated to the home screen
[2022-04-26 11:19:52,681] INFO  User has successfully navigated to hudl.com
[2022-04-26 11:19:53,102] INFO  Login button has been clicked
[2022-04-26 11:19:55,194] INFO  User has navigated to the login screen
[2022-04-26 11:19:57,295] INFO  Email: 'devinspencerjames@gmail.com' has been entered
[2022-04-26 11:19:58,307] INFO  Password has been encoded
[2022-04-26 11:19:58,392] INFO  Encoded Password: '[B@2bec854f' has been entered
[2022-04-26 11:19:59,463] INFO  Login button has been clicked
[2022-04-26 11:20:01,601] INFO  User has navigated to the home screen
[2022-04-26 11:20:06,469] INFO  driver quit
[2022-04-26 11:21:04,453] INFO  User has successfully navigated to hudl.com
[2022-04-26 11:21:04,843] INFO  Login button has been clicked
[2022-04-26 11:21:06,933] INFO  User has navigated to the login screen
[2022-04-26 11:21:09,035] INFO  Email: 'devinspencerjames@gmail.com' has been entered
[2022-04-26 11:21:10,046] INFO  Password has been encoded
[2022-04-26 11:21:10,130] INFO  Encoded Password: '[B@16c069df' has been entered
[2022-04-26 11:21:11,236] INFO  Login button has been clicked
[2022-04-26 11:21:14,108] INFO  User has navigated to the home screen
[2022-04-26 11:31:03,708] INFO  User has successfully navigated to hudl.com
[2022-04-26 11:31:04,082] INFO  Login button has been clicked
[2022-04-26 11:31:06,170] INFO  User has navigated to the login screen
[2022-04-26 11:31:08,286] INFO  Email: 'devinspencerjames@gmail.com' has been entered
[2022-04-26 11:31:09,310] INFO  Password has been encoded
[2022-04-26 11:31:09,418] INFO  Encoded Password: '[B@cd1e646' has been entered
[2022-04-26 11:31:10,524] INFO  Login button has been clicked
[2022-04-26 11:31:13,486] INFO  User has navigated to the home screen
[2022-04-26 11:43:20,706] INFO  User has successfully navigated to hudl.com
[2022-04-26 11:43:21,110] INFO  Login button has been clicked
[2022-04-26 11:43:23,189] INFO  User has navigated to the login screen
[2022-04-26 11:43:25,293] INFO  Email: 'devinspencerjames@gmail.com' has been entered
[2022-04-26 11:43:26,302] INFO  Password has been encoded
[2022-04-26 11:43:26,388] INFO  Encoded Password: '[B@7ba8c737' has been entered
[2022-04-26 11:43:27,471] INFO  Login button has been clicked
[2022-04-26 11:43:30,161] INFO  User has navigated to the home screen
[2022-04-26 11:43:39,082] INFO  driver quit
[2022-04-26 11:47:19,939] INFO  User has successfully navigated to hudl.com
[2022-04-26 11:47:20,369] INFO  Login button has been clicked
[2022-04-26 11:47:22,464] INFO  User has navigated to the login screen
[2022-04-26 11:47:24,571] INFO  Email: 'devonspencerjames@gmail.com' has been entered
[2022-04-26 11:47:25,582] INFO  Password has been encoded
[2022-04-26 11:47:25,662] INFO  Encoded Password: '[B@26a1504' has been entered
[2022-04-26 11:47:26,751] INFO  Login button has been clicked
[2022-04-26 11:47:28,822] INFO  Invalid email and or password message has been displayed
[2022-04-26 11:47:29,629] INFO  driver quit
[2022-04-26 12:02:25,674] INFO  User has successfully navigated to hudl.com
[2022-04-26 12:02:26,068] INFO  Login button has been clicked
[2022-04-26 12:02:28,151] INFO  User has navigated to the login screen
[2022-04-26 12:02:30,258] INFO  Email: 'devinspencerjames@gmail.com' has been entered
[2022-04-26 12:02:31,275] INFO  Password has been encoded
[2022-04-26 12:02:31,367] INFO  Encoded Password: '[B@7c3fdb62' has been entered
[2022-04-26 12:02:32,444] INFO  Login button has been clicked
[2022-04-26 12:02:36,540] INFO  User has navigated to the home screen
[2022-04-26 12:02:43,455] INFO  driver quit
[2022-04-26 12:03:34,149] INFO  User has successfully navigated to hudl.com
[2022-04-26 12:03:34,493] INFO  Login button has been clicked
[2022-04-26 12:03:36,571] INFO  User has navigated to the login screen
[2022-04-26 12:03:38,684] INFO  Email: 'devinspencerjames@gmail.com' has been entered
[2022-04-26 12:03:39,696] INFO  Password has been encoded
[2022-04-26 12:03:39,800] INFO  Encoded Password: '[B@3336e6b6' has been entered
[2022-04-26 12:03:40,890] INFO  Login button has been clicked
[2022-04-26 12:03:43,859] INFO  User has navigated to the home screen
[2022-04-26 12:14:28,053] INFO  User has successfully navigated to hudl.com
[2022-04-26 12:14:28,449] INFO  Login button has been clicked
[2022-04-26 12:14:30,542] INFO  User has navigated to the login screen
[2022-04-26 12:14:32,660] INFO  Email: 'devinspencerjames@gmail.com' has been entered
[2022-04-26 12:14:33,677] INFO  Password has been encoded
[2022-04-26 12:14:33,773] INFO  Encoded Password: '[B@7ba8c737' has been entered
[2022-04-26 12:14:34,868] INFO  Login button has been clicked
[2022-04-26 12:14:37,718] INFO  User has navigated to the home screen
[2022-04-26 12:14:40,557] INFO  driver quit
[2022-04-26 12:17:11,400] INFO  User has successfully navigated to hudl.com
[2022-04-26 12:17:11,791] INFO  Login button has been clicked
[2022-04-26 12:17:13,885] INFO  User has navigated to the login screen
[2022-04-26 12:17:15,999] INFO  Email: 'devinspencerjames@gmail.com' has been entered
[2022-04-26 12:17:17,015] INFO  Password has been encoded
[2022-04-26 12:17:17,099] INFO  Encoded Password: '[B@26adfd2d' has been entered
[2022-04-26 12:17:18,184] INFO  Login button has been clicked
[2022-04-26 12:17:20,909] INFO  User has navigated to the home screen
[2022-04-26 12:17:25,755] INFO  driver quit
[2022-04-26 12:22:16,757] INFO  User has successfully navigated to hudl.com
[2022-04-26 12:22:17,314] INFO  Login button has been clicked
[2022-04-26 12:22:19,424] INFO  User has navigated to the login screen
[2022-04-26 12:22:21,533] INFO  Login button has been clicked
[2022-04-26 12:22:23,596] INFO  Invalid email and or password message has been displayed
[2022-04-26 12:22:24,382] INFO  driver quit
[2022-04-26 12:31:08,838] INFO  User has successfully navigated to hudl.com
[2022-04-26 12:31:09,238] INFO  Login button has been clicked
[2022-04-26 12:31:14,293] INFO  User has navigated to the login screen
[2022-04-26 12:31:16,400] INFO  Email: 'devonspencerjames@gmail.com' has been entered
[2022-04-26 12:31:17,414] INFO  Password has been encoded
[2022-04-26 12:31:17,499] INFO  Encoded Password: '[B@6622f7ec' has been entered
[2022-04-26 12:31:18,594] INFO  Login button has been clicked
[2022-04-26 12:31:20,662] INFO  Invalid email and or password message has been displayed
[2022-04-26 12:31:21,419] INFO  driver quit
[2022-04-26 12:33:25,300] INFO  User has successfully navigated to hudl.com
[2022-04-26 12:33:25,705] INFO  Login button has been clicked
[2022-04-26 12:33:27,804] INFO  User has navigated to the login screen
[2022-04-26 12:33:29,929] INFO  Email: 'devonspencerjames@gmail.com' has been entered
[2022-04-26 12:33:30,937] INFO  Password has been encoded
[2022-04-26 12:33:31,027] INFO  Encoded Password: '[B@250a66d9' has been entered
[2022-04-26 12:33:32,107] INFO  Login button has been clicked
[2022-04-26 12:33:34,177] INFO  Invalid email and or password message has been displayed
[2022-04-26 12:33:34,944] INFO  driver quit
[2022-04-26 12:34:30,786] INFO  User has successfully navigated to hudl.com
[2022-04-26 12:34:31,195] INFO  Login button has been clicked
[2022-04-26 12:34:33,275] INFO  User has navigated to the login screen
[2022-04-26 12:34:35,375] INFO  Login button has been clicked
[2022-04-26 12:34:37,445] INFO  Invalid email and or password message has been displayed
[2022-04-26 12:34:42,423] INFO  driver quit
[2022-04-26 13:02:10,547] INFO  User has successfully navigated to hudl.com
[2022-04-26 13:02:10,929] INFO  Login button has been clicked
[2022-04-26 13:02:13,010] INFO  User has navigated to the login screen
[2022-04-26 13:02:15,100] INFO  Need Help link has been clicked
[2022-04-26 13:02:17,169] INFO  Login Help screen is displayed
[2022-04-26 13:02:18,254] INFO  Send password reset button has been clicked
[2022-04-26 13:02:35,197] INFO  driver quit
[2022-04-26 13:07:55,784] INFO  User has successfully navigated to hudl.com
[2022-04-26 13:07:56,200] INFO  Login button has been clicked
[2022-04-26 13:07:58,291] INFO  User has navigated to the login screen
[2022-04-26 13:08:00,383] INFO  Need Help link has been clicked
[2022-04-26 13:08:02,455] INFO  Login Help screen is displayed
[2022-04-26 13:08:03,586] INFO  Test email has been entered
[2022-04-26 13:08:04,676] INFO  Send password reset button has been clicked
[2022-04-26 13:08:35,665] INFO  driver quit
[2022-04-26 13:10:44,623] INFO  User has successfully navigated to hudl.com
[2022-04-26 13:10:44,989] INFO  Login button has been clicked
[2022-04-26 13:10:47,073] INFO  User has navigated to the login screen
[2022-04-26 13:10:49,150] INFO  Need Help link has been clicked
[2022-04-26 13:10:51,219] INFO  Login Help screen is displayed
[2022-04-26 13:10:52,350] INFO  Email has been entered
[2022-04-26 13:10:53,427] INFO  Send password reset button has been clicked
[2022-04-26 13:10:55,829] INFO  driver quit
[2022-04-26 13:26:54,096] INFO  User has successfully navigated to hudl.com
[2022-04-26 13:26:54,492] INFO  Login button has been clicked
[2022-04-26 13:26:56,573] INFO  User has navigated to the login screen
[2022-04-26 13:26:59,390] INFO  Log in with organization button has been clicked
[2022-04-26 13:27:00,456] INFO  Log into Hudl with org screen is displayed
[2022-04-26 13:27:02,261] INFO  driver quit
[2022-04-26 13:27:18,014] INFO  User has successfully navigated to hudl.com
[2022-04-26 13:27:18,398] INFO  Login button has been clicked
[2022-04-26 13:27:20,478] INFO  User has navigated to the login screen
[2022-04-26 13:27:23,102] INFO  Log in with organization button has been clicked
[2022-04-26 13:27:24,163] INFO  Log into Hudl with org screen is displayed
[2022-04-26 13:27:25,960] INFO  driver quit
[2022-04-26 13:38:49,391] INFO  User has successfully navigated to hudl.com
[2022-04-26 13:38:49,768] INFO  Login button has been clicked
[2022-04-26 13:38:51,858] INFO  User has navigated to the login screen
[2022-04-26 13:38:53,924] INFO  Scrolled for save and update button
[2022-04-26 13:38:55,496] INFO  Log in with organization button has been clicked
[2022-04-26 13:38:56,571] INFO  Log into Hudl with org screen is displayed
[2022-04-26 13:38:58,380] INFO  driver quit
[2022-04-26 13:48:51,794] INFO  User has successfully navigated to hudl.com
[2022-04-26 13:48:52,186] INFO  Login button has been clicked
[2022-04-26 13:48:54,266] INFO  User has navigated to the login screen
[2022-04-26 13:48:56,368] INFO  Email: 'devinspencerjames@gmail.com' has been entered
[2022-04-26 13:48:57,378] INFO  Password has been encoded
[2022-04-26 13:48:57,461] INFO  Encoded Password: '[B@2bec854f' has been entered
[2022-04-26 13:48:58,537] INFO  Remember me checkbox has been clicked
[2022-04-26 13:48:58,616] INFO  Login button has been clicked
[2022-04-26 13:49:01,482] INFO  User has navigated to the home screen
[2022-04-26 13:49:04,305] INFO  driver quit
[2022-04-26 13:49:42,209] INFO  User has successfully navigated to hudl.com
[2022-04-26 13:49:42,569] INFO  Login button has been clicked
[2022-04-26 13:49:44,633] INFO  User has navigated to the login screen
[2022-04-26 13:49:46,737] INFO  Email: 'devinspencerjames@gmail.com' has been entered
[2022-04-26 13:49:47,744] INFO  Password has been encoded
[2022-04-26 13:49:47,831] INFO  Encoded Password: '[B@2bec854f' has been entered
[2022-04-26 13:49:48,916] INFO  Remember me checkbox has been clicked
[2022-04-26 13:49:49,983] INFO  Login button has been clicked
[2022-04-26 13:49:52,623] INFO  User has navigated to the home screen
[2022-04-26 13:49:55,413] INFO  driver quit
