[2022-04-25 13:41:29,942] INFO  User has successfully navigated to hudl.com
[2022-04-25 13:41:30,464] INFO  Hudl logo is displayed
[2022-04-25 13:45:35,488] INFO  User has not successfully navigated to hudl.com
[2022-04-25 13:46:06,077] INFO  User has not successfully navigated to hudl.com
[2022-04-25 13:49:14,367] INFO  User has successfully navigated to hudl.com
[2022-04-25 13:49:14,713] INFO  Hudl logo is displayed
[2022-04-25 13:50:55,390] INFO  User has successfully navigated to hudl.com
[2022-04-25 13:50:55,730] INFO  Hudl logo is displayed
[2022-04-25 13:51:53,629] INFO  User has successfully navigated to hudl.com
[2022-04-25 13:51:53,993] INFO  Hudl logo is displayed
[2022-04-25 13:53:20,541] INFO  User has successfully navigated to hudl.com
[2022-04-25 13:53:20,890] INFO  Hudl logo is displayed
[2022-04-25 13:54:05,043] INFO  User has successfully navigated to hudl.com
[2022-04-25 13:54:05,423] INFO  Hudl logo is displayed
[2022-04-25 13:55:27,451] INFO  User has successfully navigated to hudl.com
[2022-04-25 13:55:27,868] INFO  Hudl logo is displayed
[2022-04-25 14:05:13,926] INFO  User has successfully navigated to hudl.com
[2022-04-25 14:05:14,343] INFO  Hudl logo is displayed
[2022-04-25 14:05:17,227] INFO  driver quit
[2022-04-25 14:12:00,838] INFO  User has successfully navigated to hudl.com
[2022-04-25 14:12:02,097] INFO  Login button has been clicked
[2022-04-25 14:12:04,811] INFO  driver quit
[2022-04-25 16:27:57,846] INFO  User has successfully navigated to hudl.com
[2022-04-25 16:27:58,349] INFO  Login button has been clicked
[2022-04-25 16:28:00,427] INFO  User has navigated to the login screen
[2022-04-25 16:28:02,546] INFO  Email: devinspencerjames@gmail.com has been entered
[2022-04-25 16:28:03,558] INFO  The encoded password is: [B@1e13529a
[2022-04-25 16:28:03,644] INFO  Password: [B@1e13529a has been entered
[2022-04-25 16:28:04,729] INFO  Login button has been clicked
[2022-04-25 16:28:06,555] INFO  driver quit
[2022-04-25 16:32:45,573] INFO  User has successfully navigated to hudl.com
[2022-04-25 16:32:45,982] INFO  Login button has been clicked
[2022-04-25 16:32:48,075] INFO  User has navigated to the login screen
[2022-04-25 16:32:50,197] INFO  Email: devinspencerjames@gmail.com has been entered
[2022-04-25 16:32:51,309] INFO  Password: [B@791d1f8b has been entered
[2022-04-25 16:32:52,390] INFO  Login button has been clicked
[2022-04-25 16:32:54,272] INFO  driver quit
[2022-04-25 17:08:12,975] INFO  User has successfully navigated to hudl.com
[2022-04-25 17:08:13,336] INFO  Login button has been clicked
[2022-04-25 17:08:15,417] INFO  User has navigated to the login screen
[2022-04-25 17:08:17,520] INFO  Email: devinspencerjames@gmail.com has been entered
[2022-04-25 17:08:18,620] INFO  Password: [B@791d1f8b has been entered
[2022-04-25 17:08:19,699] INFO  Login button has been clicked
[2022-04-25 17:08:21,551] INFO  driver quit
[2022-04-25 17:13:51,210] INFO  User has successfully navigated to hudl.com
[2022-04-25 17:13:51,561] INFO  Login button has been clicked
[2022-04-25 17:13:53,636] INFO  User has navigated to the login screen
[2022-04-25 17:13:55,732] INFO  Email: devinspencerjames@gmail.com has been entered
[2022-04-25 17:13:56,849] INFO  Password: [B@791d1f8b has been entered
[2022-04-25 17:13:57,927] INFO  Login button has been clicked
[2022-04-25 17:13:59,794] INFO  driver quit
[2022-04-25 17:16:09,670] INFO  User has successfully navigated to hudl.com
[2022-04-25 17:16:10,022] INFO  Login button has been clicked
[2022-04-25 17:16:12,086] INFO  User has navigated to the login screen
[2022-04-25 17:16:14,246] INFO  Email: devinspencerjames@gmail.com has been entered
[2022-04-25 17:16:15,363] INFO  Password: [B@791d1f8b has been entered
[2022-04-25 17:16:16,444] INFO  Login button has been clicked
[2022-04-25 17:16:18,336] INFO  driver quit
[2022-04-25 17:50:44,924] INFO  User has successfully navigated to hudl.com
[2022-04-25 17:50:45,322] INFO  Login button has been clicked
[2022-04-25 17:50:47,414] INFO  User has navigated to the login screen
[2022-04-25 17:50:49,521] INFO  Email: devinspencerjames@gmail.com has been entered
[2022-04-25 17:50:50,619] INFO  Password: [B@791d1f8b has been entered
[2022-04-25 17:50:51,704] INFO  Login button has been clicked
[2022-04-25 17:50:54,506] INFO  driver quit
[2022-04-25 18:26:29,630] INFO  User has successfully navigated to hudl.com
[2022-04-25 18:26:29,978] INFO  Login button has been clicked
[2022-04-25 18:26:32,044] INFO  User has navigated to the login screen
[2022-04-25 18:26:34,154] INFO  Email: devinspencerjames@gmail.com has been entered
[2022-04-25 18:26:35,160] INFO  Automation123
[2022-04-25 18:26:36,231] INFO  Login button has been clicked
[2022-04-25 18:26:39,020] INFO  driver quit
[2022-04-25 18:28:06,502] INFO  User has successfully navigated to hudl.com
[2022-04-25 18:28:06,852] INFO  Login button has been clicked
[2022-04-25 18:28:08,945] INFO  User has navigated to the login screen
[2022-04-25 18:28:11,042] INFO  Email: devinspencerjames@gmail.com has been entered
[2022-04-25 18:28:12,042] INFO  Automation123
[2022-04-25 18:28:13,204] INFO  Login button has been clicked
[2022-04-25 18:28:16,029] INFO  driver quit
[2022-04-25 18:33:26,381] INFO  User has successfully navigated to hudl.com
[2022-04-25 18:33:26,749] INFO  Login button has been clicked
[2022-04-25 18:33:28,832] INFO  User has navigated to the login screen
[2022-04-25 18:33:30,934] INFO  Email: devinspencerjames@gmail.com has been entered
[2022-04-25 18:33:34,064] INFO  Password: [B@791d1f8b has been entered
[2022-04-25 18:33:35,135] INFO  Login button has been clicked
[2022-04-25 18:33:37,971] INFO  driver quit
[2022-04-25 18:34:04,434] INFO  User has successfully navigated to hudl.com
[2022-04-25 18:34:04,801] INFO  Login button has been clicked
[2022-04-25 18:34:06,875] INFO  User has navigated to the login screen
[2022-04-25 18:34:08,983] INFO  Email: devinspencerjames@gmail.com has been entered
[2022-04-25 18:34:10,075] INFO  Password: [B@791d1f8b has been entered
[2022-04-25 18:34:11,153] INFO  Login button has been clicked
[2022-04-25 18:34:14,018] INFO  driver quit
[2022-04-25 18:34:56,983] INFO  User has successfully navigated to hudl.com
[2022-04-25 18:34:57,347] INFO  Login button has been clicked
[2022-04-25 18:34:59,408] INFO  User has navigated to the login screen
[2022-04-25 18:35:01,534] INFO  Email: devinspencerjames@gmail.com has been entered
[2022-04-25 18:35:02,635] INFO  Password: [B@791d1f8b has been entered
[2022-04-25 18:35:03,717] INFO  Login button has been clicked
[2022-04-25 18:35:06,483] INFO  driver quit
[2022-04-25 18:35:58,282] INFO  User has successfully navigated to hudl.com
[2022-04-25 18:35:58,653] INFO  Login button has been clicked
[2022-04-25 18:36:00,712] INFO  User has navigated to the login screen
[2022-04-25 18:36:02,818] INFO  Email: devinspencerjames@gmail.com has been entered
[2022-04-25 18:36:03,820] INFO  Password has been encoded
[2022-04-25 18:36:03,904] INFO  Password: [B@791d1f8b has been entered
[2022-04-25 18:36:04,979] INFO  Login button has been clicked
[2022-04-25 18:36:07,770] INFO  driver quit
[2022-04-25 18:38:24,323] INFO  User has successfully navigated to hudl.com
[2022-04-25 18:38:24,700] INFO  Login button has been clicked
[2022-04-25 18:38:26,783] INFO  User has navigated to the login screen
[2022-04-25 18:38:28,903] INFO  Email: devinspencerjames@gmail.com has been entered
[2022-04-25 18:38:29,916] INFO  Password has been encoded
[2022-04-25 18:38:30,014] INFO  Encoded Password: '[B@791d1f8b' has been entered
[2022-04-25 18:38:31,095] INFO  Login button has been clicked
[2022-04-25 18:38:33,904] INFO  driver quit
[2022-04-25 18:40:28,679] INFO  User has successfully navigated to hudl.com
[2022-04-25 18:40:29,042] INFO  Login button has been clicked
[2022-04-25 18:40:31,111] INFO  User has navigated to the login screen
[2022-04-25 18:40:33,213] INFO  Email: 'devinspencerjames@gmail.com' has been entered
[2022-04-25 18:40:34,225] INFO  Password has been encoded
[2022-04-25 18:40:34,301] INFO  Encoded Password: '[B@791d1f8b' has been entered
[2022-04-25 18:40:35,379] INFO  Login button has been clicked
[2022-04-25 18:40:38,169] INFO  driver quit
[2022-04-25 18:51:38,244] INFO  User has successfully navigated to hudl.com
[2022-04-25 18:51:38,603] INFO  Login button has been clicked
[2022-04-25 18:51:40,689] INFO  User has navigated to the login screen
[2022-04-25 18:51:42,790] INFO  Email: 'devinspencerjames@gmail.com' has been entered
[2022-04-25 18:51:43,796] INFO  Password has been encoded
[2022-04-25 18:51:43,876] INFO  Encoded Password: '[B@4bbf6d0e' has been entered
[2022-04-25 18:51:44,946] INFO  Login button has been clicked
[2022-04-25 18:51:47,748] INFO  User has navigated to the home screen
[2022-04-25 18:52:22,688] INFO  driver quit
[2022-04-25 18:54:22,661] INFO  User has successfully navigated to hudl.com
[2022-04-25 18:54:23,020] INFO  Login button has been clicked
[2022-04-25 18:54:25,088] INFO  User has navigated to the login screen
[2022-04-25 18:54:27,186] INFO  Email: 'devinspencerjames@gmail.com' has been entered
[2022-04-25 18:54:28,203] INFO  Password has been encoded
[2022-04-25 18:54:28,297] INFO  Encoded Password: '[B@4bbf6d0e' has been entered
[2022-04-25 18:54:29,370] INFO  Login button has been clicked
[2022-04-25 18:54:32,328] INFO  User has navigated to the home screen
[2022-04-25 18:55:07,280] INFO  driver quit
[2022-04-25 18:55:36,620] INFO  User has successfully navigated to hudl.com
[2022-04-25 18:55:37,063] INFO  Login button has been clicked
[2022-04-25 18:55:39,142] INFO  User has navigated to the login screen
[2022-04-25 18:55:41,254] INFO  Email: 'devinspencerjames@gmail.com' has been entered
[2022-04-25 18:55:42,263] INFO  Password has been encoded
[2022-04-25 18:55:42,367] INFO  Encoded Password: '[B@4bbf6d0e' has been entered
[2022-04-25 18:55:43,442] INFO  Login button has been clicked
[2022-04-25 18:55:47,110] INFO  User has navigated to the home screen
[2022-04-25 18:56:22,018] INFO  driver quit
[2022-04-25 18:57:35,517] INFO  User has successfully navigated to hudl.com
[2022-04-25 18:57:35,877] INFO  Login button has been clicked
[2022-04-25 18:57:37,969] INFO  User has navigated to the login screen
[2022-04-25 18:57:40,075] INFO  Email: 'devinspencerjames@gmail.com' has been entered
[2022-04-25 18:57:41,093] INFO  Password has been encoded
[2022-04-25 18:57:41,176] INFO  Encoded Password: '[B@14f232c4' has been entered
[2022-04-25 18:57:42,244] INFO  Login button has been clicked
[2022-04-25 18:57:44,861] INFO  User has navigated to the home screen
[2022-04-25 18:57:47,641] INFO  driver quit
[2022-04-25 18:59:44,756] INFO  User has successfully navigated to hudl.com
[2022-04-25 18:59:45,120] INFO  Login button has been clicked
[2022-04-25 18:59:47,207] INFO  User has navigated to the login screen
[2022-04-25 18:59:49,331] INFO  Email: 'devinspencerjames@gmail.com' has been entered
[2022-04-25 18:59:50,352] INFO  Password has been encoded
[2022-04-25 18:59:50,430] INFO  Encoded Password: '[B@14f232c4' has been entered
[2022-04-25 18:59:51,507] INFO  Login button has been clicked
[2022-04-25 19:00:23,870] INFO  User has not navigated to the home screen
[2022-04-25 19:00:24,608] INFO  driver quit
[2022-04-25 19:00:52,022] INFO  User has successfully navigated to hudl.com
[2022-04-25 19:00:52,381] INFO  Login button has been clicked
[2022-04-25 19:00:54,461] INFO  User has navigated to the login screen
[2022-04-25 19:00:56,565] INFO  Email: 'devinspencerjames@gmail.com' has been entered
[2022-04-25 19:00:57,573] INFO  Password has been encoded
[2022-04-25 19:00:57,660] INFO  Encoded Password: '[B@14f232c4' has been entered
[2022-04-25 19:00:58,737] INFO  Login button has been clicked
[2022-04-25 19:01:01,577] INFO  User has navigated to the home screen
[2022-04-25 19:01:04,482] INFO  driver quit
[2022-04-25 19:22:10,207] INFO  User has successfully navigated to hudl.com
[2022-04-25 19:22:10,565] INFO  Login button has been clicked
[2022-04-25 19:22:12,653] INFO  User has navigated to the login screen
[2022-04-25 19:22:14,751] INFO  Email: 'devinspencerjames@gmail.com' has been entered
[2022-04-25 19:22:15,758] INFO  Password has been encoded
[2022-04-25 19:22:15,829] INFO  Encoded invalid Password: '[B@791d1f8b' has been entered
[2022-04-25 19:22:16,914] INFO  Login button has been clicked
[2022-04-25 19:22:18,977] INFO  Invalid email and or password message has been displayed
[2022-04-25 19:22:19,769] INFO  driver quit
[2022-04-25 19:23:27,125] INFO  User has successfully navigated to hudl.com
[2022-04-25 19:23:27,520] INFO  Login button has been clicked
[2022-04-25 19:23:29,618] INFO  User has navigated to the login screen
[2022-04-25 19:23:31,745] INFO  Email: 'devinspencerjames@gmail.com' has been entered
[2022-04-25 19:23:32,765] INFO  Password has been encoded
[2022-04-25 19:23:32,845] INFO  Encoded Password: '[B@4bbf6d0e' has been entered
[2022-04-25 19:23:33,922] INFO  Login button has been clicked
[2022-04-25 19:23:36,653] INFO  User has navigated to the home screen
[2022-04-25 19:24:13,617] INFO  driver quit
[2022-04-25 19:25:04,006] INFO  User has successfully navigated to hudl.com
[2022-04-25 19:25:04,388] INFO  Login button has been clicked
[2022-04-25 19:25:06,463] INFO  User has navigated to the login screen
[2022-04-25 19:25:08,572] INFO  Email: 'devinspencerjames@gmail.com' has been entered
[2022-04-25 19:25:09,584] INFO  Password has been encoded
[2022-04-25 19:25:09,666] INFO  Encoded Password: '[B@791d1f8b' has been entered
[2022-04-25 19:25:10,742] INFO  Login button has been clicked
[2022-04-25 19:25:45,270] INFO  Invalid email and or password message was not displayed
[2022-04-25 19:25:46,005] INFO  driver quit
[2022-04-25 19:26:21,883] INFO  User has successfully navigated to hudl.com
[2022-04-25 19:26:22,245] INFO  Login button has been clicked
[2022-04-25 19:26:24,329] INFO  User has navigated to the login screen
[2022-04-25 19:26:26,431] INFO  Email: 'devinspencerjames@gmail.com' has been entered
[2022-04-25 19:26:27,451] INFO  Password has been encoded
[2022-04-25 19:26:27,554] INFO  Encoded Password: '[B@4bbf6d0e' has been entered
[2022-04-25 19:26:28,622] INFO  Login button has been clicked
[2022-04-25 19:26:31,224] INFO  User has navigated to the home screen
[2022-04-25 19:27:08,299] INFO  driver quit
[2022-04-25 19:27:30,773] INFO  User has successfully navigated to hudl.com
[2022-04-25 19:27:31,129] INFO  Hudl logo is displayed
[2022-04-25 19:27:33,892] INFO  driver quit
[2022-04-25 19:27:55,567] INFO  User has successfully navigated to hudl.com
[2022-04-25 19:27:55,941] INFO  Login button has been clicked
[2022-04-25 19:27:58,021] INFO  User has navigated to the login screen
[2022-04-25 19:28:00,126] INFO  Email: 'devinspencerjames@gmail.com' has been entered
[2022-04-25 19:28:01,145] INFO  Password has been encoded
[2022-04-25 19:28:01,222] INFO  Encoded Password: '[B@14f232c4' has been entered
[2022-04-25 19:28:02,297] INFO  Login button has been clicked
[2022-04-25 19:28:05,161] INFO  User has navigated to the home screen
[2022-04-25 19:28:07,944] INFO  driver quit
[2022-04-25 19:28:22,453] INFO  User has successfully navigated to hudl.com
[2022-04-25 19:28:22,852] INFO  Login button has been clicked
[2022-04-25 19:28:24,945] INFO  User has navigated to the login screen
[2022-04-25 19:28:27,067] INFO  Email: 'devinspencerjames@gmail.com' has been entered
[2022-04-25 19:28:28,088] INFO  Password has been encoded
[2022-04-25 19:28:28,168] INFO  Encoded invalid Password: '[B@791d1f8b' has been entered
[2022-04-25 19:28:29,254] INFO  Login button has been clicked
[2022-04-25 19:28:31,322] INFO  Invalid email and or password message has been displayed
[2022-04-25 19:28:32,100] INFO  driver quit
[2022-04-25 19:31:37,565] INFO  User has successfully navigated to hudl.com
[2022-04-25 19:31:37,921] INFO  Login button has been clicked
[2022-04-25 19:31:39,994] INFO  User has navigated to the login screen
[2022-04-25 19:31:42,096] INFO  Email: 'devonspencerjames@gmail.com' has been entered
[2022-04-25 19:31:43,106] INFO  Password has been encoded
[2022-04-25 19:31:43,187] INFO  Encoded invalid Password: '[B@791d1f8b' has been entered
[2022-04-25 19:31:44,263] INFO  Login button has been clicked
[2022-04-25 19:31:46,326] INFO  Invalid email and or password message has been displayed
[2022-04-25 19:31:47,102] INFO  driver quit
[2022-04-25 19:32:14,890] INFO  User has successfully navigated to hudl.com
[2022-04-25 19:32:15,271] INFO  Login button has been clicked
[2022-04-25 19:32:17,362] INFO  User has navigated to the login screen
[2022-04-25 19:32:19,467] INFO  Email: 'devinspencerjames@gmail.com' has been entered
[2022-04-25 19:32:20,479] INFO  Password has been encoded
[2022-04-25 19:32:20,565] INFO  Encoded Password: '[B@4bbf6d0e' has been entered
[2022-04-25 19:32:21,643] INFO  Login button has been clicked
[2022-04-25 19:32:24,429] INFO  User has navigated to the home screen
[2022-04-25 19:33:00,935] INFO  User has successfully navigated to hudl.com
[2022-04-25 19:33:01,279] INFO  Login button has been clicked
[2022-04-25 19:33:03,351] INFO  User has navigated to the login screen
[2022-04-25 19:33:05,450] INFO  Email: 'devonspencerjames@gmail.com' has been entered
[2022-04-25 19:33:06,464] INFO  Password has been encoded
[2022-04-25 19:33:06,547] INFO  Encoded Password: '[B@791d1f8b' has been entered
[2022-04-25 19:33:07,630] INFO  Login button has been clicked
[2022-04-25 19:33:09,693] INFO  Invalid email and or password message has been displayed
[2022-04-25 19:33:10,455] INFO  driver quit
[2022-04-25 19:33:40,807] INFO  User has successfully navigated to hudl.com
[2022-04-25 19:33:41,179] INFO  Login button has been clicked
[2022-04-25 19:33:43,268] INFO  User has navigated to the login screen
[2022-04-25 19:33:45,384] INFO  Email: 'devinspencerjames@gmail.com' has been entered
[2022-04-25 19:33:46,394] INFO  Password has been encoded
[2022-04-25 19:33:46,466] INFO  Encoded invalid Password: '[B@791d1f8b' has been entered
[2022-04-25 19:33:47,553] INFO  Login button has been clicked
[2022-04-25 19:33:49,614] INFO  Invalid email and or password message has been displayed
[2022-04-25 19:33:50,376] INFO  driver quit
[2022-04-25 19:34:12,689] INFO  User has successfully navigated to hudl.com
[2022-04-25 19:34:13,046] INFO  Login button has been clicked
[2022-04-25 19:34:15,111] INFO  User has navigated to the login screen
[2022-04-25 19:34:17,217] INFO  Email: 'devonspencerjames@gmail.com' has been entered
[2022-04-25 19:34:18,225] INFO  Password has been encoded
[2022-04-25 19:34:18,317] INFO  Encoded Password: '[B@791d1f8b' has been entered
[2022-04-25 19:34:19,396] INFO  Login button has been clicked
[2022-04-25 19:34:21,480] INFO  Invalid email and or password message has been displayed
[2022-04-25 19:34:22,353] INFO  driver quit
[2022-04-25 19:37:52,336] INFO  User has successfully navigated to hudl.com
[2022-04-25 19:37:52,750] INFO  Login button has been clicked
[2022-04-25 19:37:54,843] INFO  User has navigated to the login screen
[2022-04-25 19:37:56,927] INFO  Login button has been clicked
[2022-04-25 19:37:58,976] INFO  Invalid email and or password message has been displayed
[2022-04-25 19:37:59,753] INFO  driver quit
